<?xml version="1.0" encoding="UTF-8"?>
<testng-results skipped="0" failed="0" total="1" passed="1">
  <reporter-output>
  </reporter-output>
  <suite name="Default suite" duration-ms="148221" started-at="2015-08-03T13:43:18Z" finished-at="2015-08-03T13:45:47Z">
    <groups>
    </groups>
    <test name="Default test" duration-ms="148221" started-at="2015-08-03T13:43:18Z" finished-at="2015-08-03T13:45:47Z">
      <class name="common.McmTest">
        <test-method status="PASS" signature="testStuff()[pri:0, instance:common.McmTest@117e949d]" name="testStuff" duration-ms="148210" started-at="2015-08-03T09:43:19Z" finished-at="2015-08-03T09:45:47Z">
          <reporter-output>
          </reporter-output>
        </test-method> <!-- testStuff -->
      </class> <!-- common.McmTest -->
    </test> <!-- Default test -->
  </suite> <!-- Default suite -->
</testng-results>
